<?xml version="1.0" encoding="utf-8"?><testsuites name="pytest tests"><testsuite name="pytest" errors="0" failures="0" skipped="0" tests="11" time="4.966" timestamp="2026-04-30T12:43:54.082527+00:00" hostname="agent-env-08607aa9-1928-4e16-927f-adb5df82826d"><testcase classname="backend.tests.test_epff_api" name="test_stats" time="0.475" /><testcase classname="backend.tests.test_epff_api" name="test_turmas_list" time="0.067" /><testcase classname="backend.tests.test_epff_api" name="test_posts_list_and_turma_name" time="0.122" /><testcase classname="backend.tests.test_epff_api" name="test_posts_filter_by_turma" time="0.081" /><testcase classname="backend.tests.test_epff_api" name="test_get_post_by_slug" time="0.191" /><testcase classname="backend.tests.test_epff_api" name="test_login_wrong" time="0.888" /><testcase classname="backend.tests.test_epff_api" name="test_auth_me" time="0.790" /><testcase classname="backend.tests.test_epff_api" name="test_admin_required" time="0.066" /><testcase classname="backend.tests.test_epff_api" name="test_comments_flow" time="0.669" /><testcase classname="backend.tests.test_epff_api" name="test_post_crud" time="0.330" /><testcase classname="backend.tests.test_epff_api" name="test_turma_crud" time="0.217" /></testsuite></testsuites>